# JRE version: OpenJDK Runtime Environment Temurin-21.0.11+10 (21.0.11+10) (build 21.0.11+10-LTS)
# Java VM: OpenJDK 64-Bit Server VM Temurin-21.0.11+10 (21.0.11+10-LTS, mixed mode, sharing, tiered, compressed oops, compressed class ptrs, parallel gc, windows-amd64)
GC Precious Log:
 CardTable entry size: 512
 CPUs: 4 total, 4 available
 Memory: 3901M
 Large Page Support: Disabled
 NUMA Support: Disabled
 Compressed Oops: Enabled (32-bit)
 Alignments: Space 512K, Generation 512K, Heap 2M
 Heap Min Capacity: 100M
 Heap Initial Capacity: 100M
 Heap Max Capacity: 2G
 Pre-touch: Disabled
 Parallel Workers: 4
Heap:
 PSYoungGen      total 11264K, used 421K [0x00000000d5580000, 0x00000000d6400000, 0x0000000100000000)
  eden space 10752K, 2% used [0x00000000d5580000,0x00000000d55c16f0,0x00000000d6000000)
  from space 512K, 31% used [0x00000000d6380000,0x00000000d63a8000,0x00000000d6400000)
  to   space 1536K, 0% used [0x00000000d6100000,0x00000000d6100000,0x00000000d6280000)
 ParOldGen       total 79872K, used 79626K [0x0000000080000000, 0x0000000084e00000, 0x00000000d5580000)
  object space 79872K, 99% used [0x0000000080000000,0x0000000084dc2860,0x0000000084e00000)
 Metaspace       used 68330K, committed 69824K, reserved 1114112K
  class space    used 7282K, committed 7936K, reserved 1048576K
GC Heap History (20 events):
Event: 68.471 GC heap before
{Heap before GC invocations=102 (full 3):
 PSYoungGen      total 11264K, used 10381K [0x00000000d5580000, 0x00000000d6380000, 0x0000000100000000)
  eden space 10752K, 95% used [0x00000000d5580000,0x00000000d5f837f0,0x00000000d6000000)
  from space 512K, 25% used [0x00000000d6300000,0x00000000d6320000,0x00000000d6380000)
  to   space 512K, 0% used [0x00000000d6280000,0x00000000d6280000,0x00000000d6300000)
 ParOldGen       total 73728K, used 73286K [0x0000000080000000, 0x0000000084800000, 0x00000000d5580000)
  object space 73728K, 99% used [0x0000000080000000,0x0000000084791978,0x0000000084800000)
 Metaspace       used 67228K, committed 68736K, reserved 1114112K
  class space    used 7165K, committed 7808K, reserved 1048576K
}
Event: 68.471 GC heap after
{Heap after GC invocations=102 (full 3):
 PSYoungGen      total 11264K, used 128K [0x00000000d5580000, 0x00000000d6380000, 0x0000000100000000)
  eden space 10752K, 0% used [0x00000000d5580000,0x00000000d5580000,0x00000000d6000000)
  from space 512K, 25% used [0x00000000d6280000,0x00000000d62a0000,0x00000000d6300000)
  to   space 512K, 0% used [0x00000000d6300000,0x00000000d6300000,0x00000000d6380000)
 ParOldGen       total 73728K, used 73326K [0x0000000080000000, 0x0000000084800000, 0x00000000d5580000)
  object space 73728K, 99% used [0x0000000080000000,0x000000008479b978,0x0000000084800000)
 Metaspace       used 67228K, committed 68736K, reserved 1114112K
  class space    used 7165K, committed 7808K, reserved 1048576K
}
Event: 68.883 GC heap before
{Heap before GC invocations=103 (full 3):
 PSYoungGen      total 11264K, used 10880K [0x00000000d5580000, 0x00000000d6380000, 0x0000000100000000)
  eden space 10752K, 100% used [0x00000000d5580000,0x00000000d6000000,0x00000000d6000000)
  from space 512K, 25% used [0x00000000d6280000,0x00000000d62a0000,0x00000000d6300000)
  to   space 512K, 0% used [0x00000000d6300000,0x00000000d6300000,0x00000000d6380000)
 ParOldGen       total 73728K, used 73326K [0x0000000080000000, 0x0000000084800000, 0x00000000d5580000)
  object space 73728K, 99% used [0x0000000080000000,0x000000008479b978,0x0000000084800000)
 Metaspace       used 67235K, committed 68736K, reserved 1114112K
  class space    used 7166K, committed 7808K, reserved 1048576K
}
Event: 68.885 GC heap after
{Heap after GC invocations=103 (full 3):
 PSYoungGen      total 11264K, used 192K [0x00000000d5580000, 0x00000000d6380000, 0x0000000100000000)
  eden space 10752K, 0% used [0x00000000d5580000,0x00000000d5580000,0x00000000d6000000)
  from space 512K, 37% used [0x00000000d6300000,0x00000000d6330000,0x00000000d6380000)
  to   space 512K, 0% used [0x00000000d6280000,0x00000000d6280000,0x00000000d6300000)
 ParOldGen       total 73728K, used 73382K [0x0000000080000000, 0x0000000084800000, 0x00000000d5580000)
  object space 73728K, 99% used [0x0000000080000000,0x00000000847a9978,0x0000000084800000)
 Metaspace       used 67235K, committed 68736K, reserved 1114112K
  class space    used 7166K, committed 7808K, reserved 1048576K
}
Event: 68.967 GC heap before
{Heap before GC invocations=104 (full 3):
 PSYoungGen      total 11264K, used 9958K [0x00000000d5580000, 0x00000000d6380000, 0x0000000100000000)
  eden space 10752K, 90% used [0x00000000d5580000,0x00000000d5f09868,0x00000000d6000000)
  from space 512K, 37% used [0x00000000d6300000,0x00000000d6330000,0x00000000d6380000)
  to   space 512K, 0% used [0x00000000d6280000,0x00000000d6280000,0x00000000d6300000)
 ParOldGen       total 73728K, used 73382K [0x0000000080000000, 0x0000000084800000, 0x00000000d5580000)
  object space 73728K, 99% used [0x0000000080000000,0x00000000847a9978,0x0000000084800000)
 Metaspace       used 67256K, committed 68800K, reserved 1114112K
  class space    used 7166K, committed 7808K, reserved 1048576K
}
Event: 68.969 GC heap after
{Heap after GC invocations=104 (full 3):
 PSYoungGen      total 11264K, used 208K [0x00000000d5580000, 0x00000000d6380000, 0x0000000100000000)
  eden space 10752K, 0% used [0x00000000d5580000,0x00000000d5580000,0x00000000d6000000)
  from space 512K, 40% used [0x00000000d6280000,0x00000000d62b4010,0x00000000d6300000)
  to   space 512K, 0% used [0x00000000d6300000,0x00000000d6300000,0x00000000d6380000)
 ParOldGen       total 73728K, used 73492K [0x0000000080000000, 0x0000000084800000, 0x00000000d5580000)
  object space 73728K, 99% used [0x0000000080000000,0x00000000847c5350,0x0000000084800000)
 Metaspace       used 67256K, committed 68800K, reserved 1114112K
  class space    used 7166K, committed 7808K, reserved 1048576K
}
Event: 69.450 GC heap before
{Heap before GC invocations=105 (full 3):
 PSYoungGen      total 11264K, used 10941K [0x00000000d5580000, 0x00000000d6380000, 0x0000000100000000)
  eden space 10752K, 99% used [0x00000000d5580000,0x00000000d5ffb5e0,0x00000000d6000000)
  from space 512K, 40% used [0x00000000d6280000,0x00000000d62b4010,0x00000000d6300000)
  to   space 512K, 0% used [0x00000000d6300000,0x00000000d6300000,0x00000000d6380000)
 ParOldGen       total 73728K, used 73492K [0x0000000080000000, 0x0000000084800000, 0x00000000d5580000)
  object space 73728K, 99% used [0x0000000080000000,0x00000000847c5350,0x0000000084800000)
 Metaspace       used 67289K, committed 68800K, reserved 1114112K
  class space    used 7166K, committed 7808K, reserved 1048576K
}
Event: 69.452 GC heap after
{Heap after GC invocations=105 (full 3):
 PSYoungGen      total 11264K, used 320K [0x00000000d5580000, 0x00000000d6380000, 0x0000000100000000)
  eden space 10752K, 0% used [0x00000000d5580000,0x00000000d5580000,0x00000000d6000000)
  from space 512K, 62% used [0x00000000d6300000,0x00000000d6350000,0x00000000d6380000)
  to   space 512K, 0% used [0x00000000d6280000,0x00000000d6280000,0x00000000d6300000)
 ParOldGen       total 73728K, used 73616K [0x0000000080000000, 0x0000000084800000, 0x00000000d5580000)
  object space 73728K, 99% used [0x0000000080000000,0x00000000847e4370,0x0000000084800000)
 Metaspace       used 67289K, committed 68800K, reserved 1114112K
  class space    used 7166K, committed 7808K, reserved 1048576K
}
Event: 69.774 GC heap before
{Heap before GC invocations=106 (full 3):
 PSYoungGen      total 11264K, used 11072K [0x00000000d5580000, 0x00000000d6380000, 0x0000000100000000)
  eden space 10752K, 100% used [0x00000000d5580000,0x00000000d6000000,0x00000000d6000000)
  from space 512K, 62% used [0x00000000d6300000,0x00000000d6350000,0x00000000d6380000)
  to   space 512K, 0% used [0x00000000d6280000,0x00000000d6280000,0x00000000d6300000)
 ParOldGen       total 73728K, used 73616K [0x0000000080000000, 0x0000000084800000, 0x00000000d5580000)
  object space 73728K, 99% used [0x0000000080000000,0x00000000847e4370,0x0000000084800000)
 Metaspace       used 67321K, committed 68800K, reserved 1114112K
  class space    used 7172K, committed 7808K, reserved 1048576K
}
Event: 69.776 GC heap after
{Heap after GC invocations=106 (full 3):
 PSYoungGen      total 11264K, used 128K [0x00000000d5580000, 0x00000000d6380000, 0x0000000100000000)
  eden space 10752K, 0% used [0x00000000d5580000,0x00000000d5580000,0x00000000d6000000)
  from space 512K, 25% used [0x00000000d6280000,0x00000000d62a0000,0x00000000d6300000)
  to   space 512K, 0% used [0x00000000d6300000,0x00000000d6300000,0x00000000d6380000)
 ParOldGen       total 74240K, used 73792K [0x0000000080000000, 0x0000000084880000, 0x00000000d5580000)
  object space 74240K, 99% used [0x0000000080000000,0x0000000084810370,0x0000000084880000)
 Metaspace       used 67321K, committed 68800K, reserved 1114112K
  class space    used 7172K, committed 7808K, reserved 1048576K
}
Event: 76.479 GC heap before
{Heap before GC invocations=107 (full 3):
 PSYoungGen      total 11264K, used 10880K [0x00000000d5580000, 0x00000000d6380000, 0x0000000100000000)
  eden space 10752K, 100% used [0x00000000d5580000,0x00000000d6000000,0x00000000d6000000)
  from space 512K, 25% used [0x00000000d6280000,0x00000000d62a0000,0x00000000d6300000)
  to   space 512K, 0% used [0x00000000d6300000,0x00000000d6300000,0x00000000d6380000)
 ParOldGen       total 74240K, used 73792K [0x0000000080000000, 0x0000000084880000, 0x00000000d5580000)
  object space 74240K, 99% used [0x0000000080000000,0x0000000084810370,0x0000000084880000)
 Metaspace       used 67816K, committed 69312K, reserved 1114112K
  class space    used 7226K, committed 7872K, reserved 1048576K
}
Event: 76.485 GC heap after
{Heap after GC invocations=107 (full 3):
 PSYoungGen      total 11264K, used 491K [0x00000000d5580000, 0x00000000d6380000, 0x0000000100000000)
  eden space 10752K, 0% used [0x00000000d5580000,0x00000000d5580000,0x00000000d6000000)
  from space 512K, 95% used [0x00000000d6300000,0x00000000d637ac88,0x00000000d6380000)
  to   space 1536K, 0% used [0x00000000d6080000,0x00000000d6080000,0x00000000d6200000)
 ParOldGen       total 74752K, used 74298K [0x0000000080000000, 0x0000000084900000, 0x00000000d5580000)
  object space 74752K, 99% used [0x0000000080000000,0x000000008488ea08,0x0000000084900000)
 Metaspace       used 67816K, committed 69312K, reserved 1114112K
  class space    used 7226K, committed 7872K, reserved 1048576K
}
Event: 76.634 GC heap before
{Heap before GC invocations=108 (full 3):
 PSYoungGen      total 11264K, used 11243K [0x00000000d5580000, 0x00000000d6380000, 0x0000000100000000)
  eden space 10752K, 100% used [0x00000000d5580000,0x00000000d6000000,0x00000000d6000000)
  from space 512K, 95% used [0x00000000d6300000,0x00000000d637ac88,0x00000000d6380000)
  to   space 1536K, 0% used [0x00000000d6080000,0x00000000d6080000,0x00000000d6200000)
 ParOldGen       total 74752K, used 74298K [0x0000000080000000, 0x0000000084900000, 0x00000000d5580000)
  object space 74752K, 99% used [0x0000000080000000,0x000000008488ea08,0x0000000084900000)
 Metaspace       used 67820K, committed 69312K, reserved 1114112K
  class space    used 7227K, committed 7872K, reserved 1048576K
}
Event: 76.638 GC heap after
{Heap after GC invocations=108 (full 3):
 PSYoungGen      total 12288K, used 1522K [0x00000000d5580000, 0x00000000d6900000, 0x0000000100000000)
  eden space 10752K, 0% used [0x00000000d5580000,0x00000000d5580000,0x00000000d6000000)
  from space 1536K, 99% used [0x00000000d6080000,0x00000000d61fcac0,0x00000000d6200000)
  to   space 4608K, 0% used [0x00000000d6480000,0x00000000d6480000,0x00000000d6900000)
 ParOldGen       total 76800K, used 76727K [0x0000000080000000, 0x0000000084b00000, 0x00000000d5580000)
  object space 76800K, 99% used [0x0000000080000000,0x0000000084aedd88,0x0000000084b00000)
 Metaspace       used 67820K, committed 69312K, reserved 1114112K
  class space    used 7227K, committed 7872K, reserved 1048576K
}
Event: 76.993 GC heap before
{Heap before GC invocations=109 (full 3):
 PSYoungGen      total 12288K, used 12274K [0x00000000d5580000, 0x00000000d6900000, 0x0000000100000000)
  eden space 10752K, 100% used [0x00000000d5580000,0x00000000d6000000,0x00000000d6000000)
  from space 1536K, 99% used [0x00000000d6080000,0x00000000d61fcac0,0x00000000d6200000)
  to   space 4608K, 0% used [0x00000000d6480000,0x00000000d6480000,0x00000000d6900000)
 ParOldGen       total 76800K, used 76727K [0x0000000080000000, 0x0000000084b00000, 0x00000000d5580000)
  object space 76800K, 99% used [0x0000000080000000,0x0000000084aedd88,0x0000000084b00000)
 Metaspace       used 67930K, committed 69504K, reserved 1114112K
  class space    used 7256K, committed 7936K, reserved 1048576K
}
Event: 77.002 GC heap after
{Heap after GC invocations=109 (full 3):
 PSYoungGen      total 14848K, used 3630K [0x00000000d5580000, 0x00000000d6880000, 0x0000000100000000)
  eden space 10752K, 0% used [0x00000000d5580000,0x00000000d5580000,0x00000000d6000000)
  from space 4096K, 88% used [0x00000000d6480000,0x00000000d680ba80,0x00000000d6880000)
  to   space 4096K, 0% used [0x00000000d6080000,0x00000000d6080000,0x00000000d6480000)
 ParOldGen       total 78848K, used 78243K [0x0000000080000000, 0x0000000084d00000, 0x00000000d5580000)
  object space 78848K, 99% used [0x0000000080000000,0x0000000084c68dc0,0x0000000084d00000)
 Metaspace       used 67930K, committed 69504K, reserved 1114112K
  class space    used 7256K, committed 7936K, reserved 1048576K
}
Event: 773.545 GC heap before
{Heap before GC invocations=110 (full 3):
 PSYoungGen      total 14848K, used 14349K [0x00000000d5580000, 0x00000000d6880000, 0x0000000100000000)
  eden space 10752K, 99% used [0x00000000d5580000,0x00000000d5ff7d30,0x00000000d6000000)
  from space 4096K, 88% used [0x00000000d6480000,0x00000000d680ba80,0x00000000d6880000)
  to   space 4096K, 0% used [0x00000000d6080000,0x00000000d6080000,0x00000000d6480000)
 ParOldGen       total 78848K, used 78243K [0x0000000080000000, 0x0000000084d00000, 0x00000000d5580000)
  object space 78848K, 99% used [0x0000000080000000,0x0000000084c68dc0,0x0000000084d00000)
 Metaspace       used 68265K, committed 69760K, reserved 1114112K
  class space    used 7282K, committed 7936K, reserved 1048576K
}
Event: 773.669 GC heap after
{Heap after GC invocations=110 (full 3):
 PSYoungGen      total 13824K, used 2995K [0x00000000d5580000, 0x00000000d6700000, 0x0000000100000000)
  eden space 10752K, 0% used [0x00000000d5580000,0x00000000d5580000,0x00000000d6000000)
  from space 3072K, 97% used [0x00000000d6080000,0x00000000d636ce98,0x00000000d6380000)
  to   space 3584K, 0% used [0x00000000d6380000,0x00000000d6380000,0x00000000d6700000)
 ParOldGen       total 79360K, used 78899K [0x0000000080000000, 0x0000000084d80000, 0x00000000d5580000)
  object space 79360K, 99% used [0x0000000080000000,0x0000000084d0cdd0,0x0000000084d80000)
 Metaspace       used 68265K, committed 69760K, reserved 1114112K
  class space    used 7282K, committed 7936K, reserved 1048576K
}
Event: 823.049 GC heap before
{Heap before GC invocations=111 (full 3):
 PSYoungGen      total 13824K, used 13747K [0x00000000d5580000, 0x00000000d6700000, 0x0000000100000000)
  eden space 10752K, 100% used [0x00000000d5580000,0x00000000d6000000,0x00000000d6000000)
  from space 3072K, 97% used [0x00000000d6080000,0x00000000d636ce98,0x00000000d6380000)
  to   space 3584K, 0% used [0x00000000d6380000,0x00000000d6380000,0x00000000d6700000)
 ParOldGen       total 79360K, used 78899K [0x0000000080000000, 0x0000000084d80000, 0x00000000d5580000)
  object space 79360K, 99% used [0x0000000080000000,0x0000000084d0cdd0,0x0000000084d80000)
 Metaspace       used 68296K, committed 69760K, reserved 1114112K
  class space    used 7282K, committed 7936K, reserved 1048576K
}
Event: 823.115 GC heap after
{Heap after GC invocations=111 (full 3):
 PSYoungGen      total 11264K, used 160K [0x00000000d5580000, 0x00000000d6400000, 0x0000000100000000)
  eden space 10752K, 0% used [0x00000000d5580000,0x00000000d5580000,0x00000000d6000000)
  from space 512K, 31% used [0x00000000d6380000,0x00000000d63a8000,0x00000000d6400000)
  to   space 1536K, 0% used [0x00000000d6100000,0x00000000d6100000,0x00000000d6280000)
 ParOldGen       total 79872K, used 79626K [0x0000000080000000, 0x0000000084e00000, 0x00000000d5580000)
  object space 79872K, 99% used [0x0000000080000000,0x0000000084dc2860,0x0000000084e00000)
 Metaspace       used 68296K, committed 69760K, reserved 1114112K
  class space    used 7282K, committed 7936K, reserved 1048576K
}

