# JRE version: OpenJDK Runtime Environment Temurin-21.0.11+10 (21.0.11+10) (build 21.0.11+10-LTS)
# Java VM: OpenJDK 64-Bit Server VM Temurin-21.0.11+10 (21.0.11+10-LTS, mixed mode, sharing, tiered, compressed oops, compressed class ptrs, parallel gc, windows-amd64)
GC Precious Log:
 CardTable entry size: 512
 CPUs: 4 total, 4 available
 Memory: 3901M
 Large Page Support: Disabled
 NUMA Support: Disabled
 Compressed Oops: Enabled (32-bit)
 Alignments: Space 512K, Generation 512K, Heap 2M
 Heap Min Capacity: 100M
 Heap Initial Capacity: 100M
 Heap Max Capacity: 2G
 Pre-touch: Disabled
 Parallel Workers: 4
Heap:
 PSYoungGen      total 2560K, used 1734K [0x00000000d5580000, 0x00000000d5900000, 0x0000000100000000)
  eden space 2048K, 78% used [0x00000000d5580000,0x00000000d5711a48,0x00000000d5780000)
  from space 512K, 25% used [0x00000000d5880000,0x00000000d58a0000,0x00000000d5900000)
  to   space 512K, 0% used [0x00000000d5800000,0x00000000d5800000,0x00000000d5880000)
 ParOldGen       total 830976K, used 830524K [0x0000000080000000, 0x00000000b2b80000, 0x00000000d5580000)
  object space 830976K, 99% used [0x0000000080000000,0x00000000b2b0f368,0x00000000b2b80000)
 Metaspace       used 88296K, committed 90176K, reserved 1179648K
  class space    used 8705K, committed 9536K, reserved 1048576K
GC Heap History (20 events):
Event: 5398.348 GC heap before
{Heap before GC invocations=3622 (full 10):
 PSYoungGen      total 2560K, used 2176K [0x00000000d5580000, 0x00000000d5900000, 0x0000000100000000)
  eden space 2048K, 100% used [0x00000000d5580000,0x00000000d5780000,0x00000000d5780000)
  from space 512K, 25% used [0x00000000d5880000,0x00000000d58a0000,0x00000000d5900000)
  to   space 512K, 0% used [0x00000000d5800000,0x00000000d5800000,0x00000000d5880000)
 ParOldGen       total 829440K, used 829379K [0x0000000080000000, 0x00000000b2a00000, 0x00000000d5580000)
  object space 829440K, 99% used [0x0000000080000000,0x00000000b29f0e60,0x00000000b2a00000)
 Metaspace       used 88279K, committed 90176K, reserved 1179648K
  class space    used 8705K, committed 9536K, reserved 1048576K
}
Event: 5398.524 GC heap after
{Heap after GC invocations=3622 (full 10):
 PSYoungGen      total 2560K, used 272K [0x00000000d5580000, 0x00000000d5900000, 0x0000000100000000)
  eden space 2048K, 0% used [0x00000000d5580000,0x00000000d5580000,0x00000000d5780000)
  from space 512K, 53% used [0x00000000d5800000,0x00000000d5844030,0x00000000d5880000)
  to   space 512K, 0% used [0x00000000d5880000,0x00000000d5880000,0x00000000d5900000)
 ParOldGen       total 829440K, used 829387K [0x0000000080000000, 0x00000000b2a00000, 0x00000000d5580000)
  object space 829440K, 99% used [0x0000000080000000,0x00000000b29f2e60,0x00000000b2a00000)
 Metaspace       used 88279K, committed 90176K, reserved 1179648K
  class space    used 8705K, committed 9536K, reserved 1048576K
}
Event: 5398.573 GC heap before
{Heap before GC invocations=3623 (full 10):
 PSYoungGen      total 2560K, used 2320K [0x00000000d5580000, 0x00000000d5900000, 0x0000000100000000)
  eden space 2048K, 100% used [0x00000000d5580000,0x00000000d5780000,0x00000000d5780000)
  from space 512K, 53% used [0x00000000d5800000,0x00000000d5844030,0x00000000d5880000)
  to   space 512K, 0% used [0x00000000d5880000,0x00000000d5880000,0x00000000d5900000)
 ParOldGen       total 829440K, used 829387K [0x0000000080000000, 0x00000000b2a00000, 0x00000000d5580000)
  object space 829440K, 99% used [0x0000000080000000,0x00000000b29f2e60,0x00000000b2a00000)
 Metaspace       used 88279K, committed 90176K, reserved 1179648K
  class space    used 8705K, committed 9536K, reserved 1048576K
}
Event: 5398.578 GC heap after
{Heap after GC invocations=3623 (full 10):
 PSYoungGen      total 2560K, used 128K [0x00000000d5580000, 0x00000000d5900000, 0x0000000100000000)
  eden space 2048K, 0% used [0x00000000d5580000,0x00000000d5580000,0x00000000d5780000)
  from space 512K, 25% used [0x00000000d5880000,0x00000000d58a0000,0x00000000d5900000)
  to   space 512K, 0% used [0x00000000d5800000,0x00000000d5800000,0x00000000d5880000)
 ParOldGen       total 829952K, used 829523K [0x0000000080000000, 0x00000000b2a80000, 0x00000000d5580000)
  object space 829952K, 99% used [0x0000000080000000,0x00000000b2a14e80,0x00000000b2a80000)
 Metaspace       used 88279K, committed 90176K, reserved 1179648K
  class space    used 8705K, committed 9536K, reserved 1048576K
}
Event: 5398.871 GC heap before
{Heap before GC invocations=3624 (full 10):
 PSYoungGen      total 2560K, used 2176K [0x00000000d5580000, 0x00000000d5900000, 0x0000000100000000)
  eden space 2048K, 100% used [0x00000000d5580000,0x00000000d5780000,0x00000000d5780000)
  from space 512K, 25% used [0x00000000d5880000,0x00000000d58a0000,0x00000000d5900000)
  to   space 512K, 0% used [0x00000000d5800000,0x00000000d5800000,0x00000000d5880000)
 ParOldGen       total 829952K, used 829523K [0x0000000080000000, 0x00000000b2a80000, 0x00000000d5580000)
  object space 829952K, 99% used [0x0000000080000000,0x00000000b2a14e80,0x00000000b2a80000)
 Metaspace       used 88279K, committed 90176K, reserved 1179648K
  class space    used 8705K, committed 9536K, reserved 1048576K
}
Event: 5398.883 GC heap after
{Heap after GC invocations=3624 (full 10):
 PSYoungGen      total 2560K, used 500K [0x00000000d5580000, 0x00000000d5980000, 0x0000000100000000)
  eden space 2048K, 0% used [0x00000000d5580000,0x00000000d5580000,0x00000000d5780000)
  from space 512K, 97% used [0x00000000d5800000,0x00000000d587d220,0x00000000d5880000)
  to   space 1024K, 0% used [0x00000000d5880000,0x00000000d5880000,0x00000000d5980000)
 ParOldGen       total 829952K, used 829752K [0x0000000080000000, 0x00000000b2a80000, 0x00000000d5580000)
  object space 829952K, 99% used [0x0000000080000000,0x00000000b2a4e090,0x00000000b2a80000)
 Metaspace       used 88279K, committed 90176K, reserved 1179648K
  class space    used 8705K, committed 9536K, reserved 1048576K
}
Event: 5399.002 GC heap before
{Heap before GC invocations=3625 (full 10):
 PSYoungGen      total 2560K, used 2548K [0x00000000d5580000, 0x00000000d5980000, 0x0000000100000000)
  eden space 2048K, 100% used [0x00000000d5580000,0x00000000d5780000,0x00000000d5780000)
  from space 512K, 97% used [0x00000000d5800000,0x00000000d587d220,0x00000000d5880000)
  to   space 1024K, 0% used [0x00000000d5880000,0x00000000d5880000,0x00000000d5980000)
 ParOldGen       total 829952K, used 829752K [0x0000000080000000, 0x00000000b2a80000, 0x00000000d5580000)
  object space 829952K, 99% used [0x0000000080000000,0x00000000b2a4e090,0x00000000b2a80000)
 Metaspace       used 88279K, committed 90176K, reserved 1179648K
  class space    used 8705K, committed 9536K, reserved 1048576K
}
Event: 5399.010 GC heap after
{Heap after GC invocations=3625 (full 10):
 PSYoungGen      total 2560K, used 212K [0x00000000d5580000, 0x00000000d5900000, 0x0000000100000000)
  eden space 2048K, 0% used [0x00000000d5580000,0x00000000d5580000,0x00000000d5780000)
  from space 512K, 41% used [0x00000000d5880000,0x00000000d58b5200,0x00000000d5900000)
  to   space 512K, 0% used [0x00000000d5800000,0x00000000d5800000,0x00000000d5880000)
 ParOldGen       total 830464K, used 830128K [0x0000000080000000, 0x00000000b2b00000, 0x00000000d5580000)
  object space 830464K, 99% used [0x0000000080000000,0x00000000b2aac0b0,0x00000000b2b00000)
 Metaspace       used 88279K, committed 90176K, reserved 1179648K
  class space    used 8705K, committed 9536K, reserved 1048576K
}
Event: 5399.152 GC heap before
{Heap before GC invocations=3626 (full 10):
 PSYoungGen      total 2560K, used 2260K [0x00000000d5580000, 0x00000000d5900000, 0x0000000100000000)
  eden space 2048K, 99% used [0x00000000d5580000,0x00000000d577fff8,0x00000000d5780000)
  from space 512K, 41% used [0x00000000d5880000,0x00000000d58b5200,0x00000000d5900000)
  to   space 512K, 0% used [0x00000000d5800000,0x00000000d5800000,0x00000000d5880000)
 ParOldGen       total 830464K, used 830128K [0x0000000080000000, 0x00000000b2b00000, 0x00000000d5580000)
  object space 830464K, 99% used [0x0000000080000000,0x00000000b2aac0b0,0x00000000b2b00000)
 Metaspace       used 88280K, committed 90176K, reserved 1179648K
  class space    used 8705K, committed 9536K, reserved 1048576K
}
Event: 5399.159 GC heap after
{Heap after GC invocations=3626 (full 10):
 PSYoungGen      total 2560K, used 160K [0x00000000d5580000, 0x00000000d5900000, 0x0000000100000000)
  eden space 2048K, 0% used [0x00000000d5580000,0x00000000d5580000,0x00000000d5780000)
  from space 512K, 31% used [0x00000000d5800000,0x00000000d5828000,0x00000000d5880000)
  to   space 512K, 0% used [0x00000000d5880000,0x00000000d5880000,0x00000000d5900000)
 ParOldGen       total 830464K, used 830200K [0x0000000080000000, 0x00000000b2b00000, 0x00000000d5580000)
  object space 830464K, 99% used [0x0000000080000000,0x00000000b2abe0b0,0x00000000b2b00000)
 Metaspace       used 88280K, committed 90176K, reserved 1179648K
  class space    used 8705K, committed 9536K, reserved 1048576K
}
Event: 5400.972 GC heap before
{Heap before GC invocations=3627 (full 10):
 PSYoungGen      total 2560K, used 2208K [0x00000000d5580000, 0x00000000d5900000, 0x0000000100000000)
  eden space 2048K, 100% used [0x00000000d5580000,0x00000000d5780000,0x00000000d5780000)
  from space 512K, 31% used [0x00000000d5800000,0x00000000d5828000,0x00000000d5880000)
  to   space 512K, 0% used [0x00000000d5880000,0x00000000d5880000,0x00000000d5900000)
 ParOldGen       total 830464K, used 830200K [0x0000000080000000, 0x00000000b2b00000, 0x00000000d5580000)
  object space 830464K, 99% used [0x0000000080000000,0x00000000b2abe0b0,0x00000000b2b00000)
 Metaspace       used 88281K, committed 90176K, reserved 1179648K
  class space    used 8705K, committed 9536K, reserved 1048576K
}
Event: 5400.982 GC heap after
{Heap after GC invocations=3627 (full 10):
 PSYoungGen      total 2560K, used 160K [0x00000000d5580000, 0x00000000d5900000, 0x0000000100000000)
  eden space 2048K, 0% used [0x00000000d5580000,0x00000000d5580000,0x00000000d5780000)
  from space 512K, 31% used [0x00000000d5880000,0x00000000d58a8000,0x00000000d5900000)
  to   space 512K, 0% used [0x00000000d5800000,0x00000000d5800000,0x00000000d5880000)
 ParOldGen       total 830464K, used 830300K [0x0000000080000000, 0x00000000b2b00000, 0x00000000d5580000)
  object space 830464K, 99% used [0x0000000080000000,0x00000000b2ad7348,0x00000000b2b00000)
 Metaspace       used 88281K, committed 90176K, reserved 1179648K
  class space    used 8705K, committed 9536K, reserved 1048576K
}
Event: 10648.597 GC heap before
{Heap before GC invocations=3628 (full 10):
 PSYoungGen      total 2560K, used 2207K [0x00000000d5580000, 0x00000000d5900000, 0x0000000100000000)
  eden space 2048K, 99% used [0x00000000d5580000,0x00000000d577ffd0,0x00000000d5780000)
  from space 512K, 31% used [0x00000000d5880000,0x00000000d58a8000,0x00000000d5900000)
  to   space 512K, 0% used [0x00000000d5800000,0x00000000d5800000,0x00000000d5880000)
 ParOldGen       total 830464K, used 830300K [0x0000000080000000, 0x00000000b2b00000, 0x00000000d5580000)
  object space 830464K, 99% used [0x0000000080000000,0x00000000b2ad7348,0x00000000b2b00000)
 Metaspace       used 88294K, committed 90176K, reserved 1179648K
  class space    used 8705K, committed 9536K, reserved 1048576K
}
Event: 10649.105 GC heap after
{Heap after GC invocations=3628 (full 10):
 PSYoungGen      total 2560K, used 128K [0x00000000d5580000, 0x00000000d5900000, 0x0000000100000000)
  eden space 2048K, 0% used [0x00000000d5580000,0x00000000d5580000,0x00000000d5780000)
  from space 512K, 25% used [0x00000000d5800000,0x00000000d5820000,0x00000000d5880000)
  to   space 512K, 0% used [0x00000000d5880000,0x00000000d5880000,0x00000000d5900000)
 ParOldGen       total 830464K, used 830380K [0x0000000080000000, 0x00000000b2b00000, 0x00000000d5580000)
  object space 830464K, 99% used [0x0000000080000000,0x00000000b2aeb348,0x00000000b2b00000)
 Metaspace       used 88294K, committed 90176K, reserved 1179648K
  class space    used 8705K, committed 9536K, reserved 1048576K
}
Event: 10653.360 GC heap before
{Heap before GC invocations=3629 (full 10):
 PSYoungGen      total 2560K, used 2175K [0x00000000d5580000, 0x00000000d5900000, 0x0000000100000000)
  eden space 2048K, 99% used [0x00000000d5580000,0x00000000d577fff0,0x00000000d5780000)
  from space 512K, 25% used [0x00000000d5800000,0x00000000d5820000,0x00000000d5880000)
  to   space 512K, 0% used [0x00000000d5880000,0x00000000d5880000,0x00000000d5900000)
 ParOldGen       total 830464K, used 830380K [0x0000000080000000, 0x00000000b2b00000, 0x00000000d5580000)
  object space 830464K, 99% used [0x0000000080000000,0x00000000b2aeb348,0x00000000b2b00000)
 Metaspace       used 88294K, committed 90176K, reserved 1179648K
  class space    used 8705K, committed 9536K, reserved 1048576K
}
Event: 10653.370 GC heap after
{Heap after GC invocations=3629 (full 10):
 PSYoungGen      total 2560K, used 192K [0x00000000d5580000, 0x00000000d5900000, 0x0000000100000000)
  eden space 2048K, 0% used [0x00000000d5580000,0x00000000d5580000,0x00000000d5780000)
  from space 512K, 37% used [0x00000000d5880000,0x00000000d58b0020,0x00000000d5900000)
  to   space 512K, 0% used [0x00000000d5800000,0x00000000d5800000,0x00000000d5880000)
 ParOldGen       total 830464K, used 830412K [0x0000000080000000, 0x00000000b2b00000, 0x00000000d5580000)
  object space 830464K, 99% used [0x0000000080000000,0x00000000b2af3348,0x00000000b2b00000)
 Metaspace       used 88294K, committed 90176K, reserved 1179648K
  class space    used 8705K, committed 9536K, reserved 1048576K
}
Event: 10685.909 GC heap before
{Heap before GC invocations=3630 (full 10):
 PSYoungGen      total 2560K, used 2240K [0x00000000d5580000, 0x00000000d5900000, 0x0000000100000000)
  eden space 2048K, 100% used [0x00000000d5580000,0x00000000d5780000,0x00000000d5780000)
  from space 512K, 37% used [0x00000000d5880000,0x00000000d58b0020,0x00000000d5900000)
  to   space 512K, 0% used [0x00000000d5800000,0x00000000d5800000,0x00000000d5880000)
 ParOldGen       total 830464K, used 830412K [0x0000000080000000, 0x00000000b2b00000, 0x00000000d5580000)
  object space 830464K, 99% used [0x0000000080000000,0x00000000b2af3348,0x00000000b2b00000)
 Metaspace       used 88295K, committed 90176K, reserved 1179648K
  class space    used 8705K, committed 9536K, reserved 1048576K
}
Event: 10686.370 GC heap after
{Heap after GC invocations=3630 (full 10):
 PSYoungGen      total 2560K, used 128K [0x00000000d5580000, 0x00000000d5900000, 0x0000000100000000)
  eden space 2048K, 0% used [0x00000000d5580000,0x00000000d5580000,0x00000000d5780000)
  from space 512K, 25% used [0x00000000d5800000,0x00000000d5820000,0x00000000d5880000)
  to   space 512K, 0% used [0x00000000d5880000,0x00000000d5880000,0x00000000d5900000)
 ParOldGen       total 830976K, used 830492K [0x0000000080000000, 0x00000000b2b80000, 0x00000000d5580000)
  object space 830976K, 99% used [0x0000000080000000,0x00000000b2b07368,0x00000000b2b80000)
 Metaspace       used 88295K, committed 90176K, reserved 1179648K
  class space    used 8705K, committed 9536K, reserved 1048576K
}
Event: 10688.779 GC heap before
{Heap before GC invocations=3631 (full 10):
 PSYoungGen      total 2560K, used 2176K [0x00000000d5580000, 0x00000000d5900000, 0x0000000100000000)
  eden space 2048K, 100% used [0x00000000d5580000,0x00000000d5780000,0x00000000d5780000)
  from space 512K, 25% used [0x00000000d5800000,0x00000000d5820000,0x00000000d5880000)
  to   space 512K, 0% used [0x00000000d5880000,0x00000000d5880000,0x00000000d5900000)
 ParOldGen       total 830976K, used 830492K [0x0000000080000000, 0x00000000b2b80000, 0x00000000d5580000)
  object space 830976K, 99% used [0x0000000080000000,0x00000000b2b07368,0x00000000b2b80000)
 Metaspace       used 88295K, committed 90176K, reserved 1179648K
  class space    used 8705K, committed 9536K, reserved 1048576K
}
Event: 10688.803 GC heap after
{Heap after GC invocations=3631 (full 10):
 PSYoungGen      total 2560K, used 128K [0x00000000d5580000, 0x00000000d5900000, 0x0000000100000000)
  eden space 2048K, 0% used [0x00000000d5580000,0x00000000d5580000,0x00000000d5780000)
  from space 512K, 25% used [0x00000000d5880000,0x00000000d58a0000,0x00000000d5900000)
  to   space 512K, 0% used [0x00000000d5800000,0x00000000d5800000,0x00000000d5880000)
 ParOldGen       total 830976K, used 830524K [0x0000000080000000, 0x00000000b2b80000, 0x00000000d5580000)
  object space 830976K, 99% used [0x0000000080000000,0x00000000b2b0f368,0x00000000b2b80000)
 Metaspace       used 88295K, committed 90176K, reserved 1179648K
  class space    used 8705K, committed 9536K, reserved 1048576K
}

